[[1;34mINFO[m] Scanning for projects...
[[1;34mINFO[m] 
[[1;34mINFO[m] [1m---------------< [0;36mcom.example:personalize-shopping-cart[0;1m >----------------[m
[[1;34mINFO[m] [1mBuilding personalize-shopping-cart 0.0.1-SNAPSHOT[m
[[1;34mINFO[m] [1m--------------------------------[ jar ]---------------------------------[m
[[1;34mINFO[m] 
[[1;34mINFO[m] [1m>>> [0;32mspring-boot-maven-plugin:3.3.5:run[m [1m(default-cli)[0;1m > [0;1mtest-compile[m @ [36mpersonalize-shopping-cart[0;1m >>>[m
[[1;34mINFO[m] 
[[1;34mINFO[m] [1m--- [0;32mmaven-resources-plugin:3.3.1:resources[m [1m(default-resources)[m @ [36mpersonalize-shopping-cart[0;1m ---[m
[[1;34mINFO[m] Copying 1 resource from src/main/resources to target/classes
[[1;34mINFO[m] Copying 0 resource from src/main/resources to target/classes
[[1;34mINFO[m] 
[[1;34mINFO[m] [1m--- [0;32mmaven-compiler-plugin:3.13.0:compile[m [1m(default-compile)[m @ [36mpersonalize-shopping-cart[0;1m ---[m
[[1;34mINFO[m] Nothing to compile - all classes are up to date.
[[1;34mINFO[m] 
[[1;34mINFO[m] [1m--- [0;32mmaven-resources-plugin:3.3.1:testResources[m [1m(default-testResources)[m @ [36mpersonalize-shopping-cart[0;1m ---[m
[[1;34mINFO[m] skip non existing resourceDirectory /home/coder/coursera/IdeaProjects/personalize-shopping-cart/src/test/resources
[[1;34mINFO[m] 
[[1;34mINFO[m] [1m--- [0;32mmaven-compiler-plugin:3.13.0:testCompile[m [1m(default-testCompile)[m @ [36mpersonalize-shopping-cart[0;1m ---[m
[[1;34mINFO[m] Nothing to compile - all classes are up to date.
[[1;34mINFO[m] 
[[1;34mINFO[m] [1m<<< [0;32mspring-boot-maven-plugin:3.3.5:run[m [1m(default-cli)[0;1m < [0;1mtest-compile[m @ [36mpersonalize-shopping-cart[0;1m <<<[m
[[1;34mINFO[m] 
[[1;34mINFO[m] 
[[1;34mINFO[m] [1m--- [0;32mspring-boot-maven-plugin:3.3.5:run[m [1m(default-cli)[m @ [36mpersonalize-shopping-cart[0;1m ---[m
[[1;34mINFO[m] Attaching agents: []

  .   ____          _            __ _ _
 /\\ / ___'_ __ _ _(_)_ __  __ _ \ \ \ \
( ( )\___ | '_ | '_| | '_ \/ _` | \ \ \ \
 \\/  ___)| |_)| | | | | || (_| |  ) ) ) )
  '  |____| .__|_| |_|_| |_\__, | / / / /
 =========|_|==============|___/=/_/_/_/

 :: Spring Boot ::                (v3.3.5)

2024-12-11T17:11:58.928Z  INFO 639 --- [personalize-shopping-cart] [  restartedMain] c.e.p.shopping.cart.Application          : Starting Application using Java 21.0.4 with PID 639 (/home/coder/coursera/IdeaProjects/personalize-shopping-cart/target/classes started by coder in /home/coder/coursera/IdeaProjects/personalize-shopping-cart)
2024-12-11T17:11:58.930Z  INFO 639 --- [personalize-shopping-cart] [  restartedMain] c.e.p.shopping.cart.Application          : No active profile set, falling back to 1 default profile: "default"
2024-12-11T17:11:59.040Z  INFO 639 --- [personalize-shopping-cart] [  restartedMain] .e.DevToolsPropertyDefaultsPostProcessor : Devtools property defaults active! Set 'spring.devtools.add-properties' to 'false' to disable
2024-12-11T17:11:59.040Z  INFO 639 --- [personalize-shopping-cart] [  restartedMain] .e.DevToolsPropertyDefaultsPostProcessor : For additional web related logging consider setting the 'logging.level.web' property to 'DEBUG'
2024-12-11T17:12:00.471Z  INFO 639 --- [personalize-shopping-cart] [  restartedMain] .s.d.r.c.RepositoryConfigurationDelegate : Bootstrapping Spring Data JPA repositories in DEFAULT mode.
2024-12-11T17:12:00.575Z  INFO 639 --- [personalize-shopping-cart] [  restartedMain] .s.d.r.c.RepositoryConfigurationDelegate : Finished Spring Data repository scanning in 98 ms. Found 3 JPA repository interfaces.
2024-12-11T17:12:01.746Z  INFO 639 --- [personalize-shopping-cart] [  restartedMain] o.s.b.w.embedded.tomcat.TomcatWebServer  : Tomcat initialized with port 8080 (http)
2024-12-11T17:12:01.759Z  INFO 639 --- [personalize-shopping-cart] [  restartedMain] o.apache.catalina.core.StandardService   : Starting service [Tomcat]
2024-12-11T17:12:01.759Z  INFO 639 --- [personalize-shopping-cart] [  restartedMain] o.apache.catalina.core.StandardEngine    : Starting Servlet engine: [Apache Tomcat/10.1.31]
2024-12-11T17:12:01.823Z  INFO 639 --- [personalize-shopping-cart] [  restartedMain] o.a.c.c.C.[Tomcat].[localhost].[/]       : Initializing Spring embedded WebApplicationContext
2024-12-11T17:12:01.824Z  INFO 639 --- [personalize-shopping-cart] [  restartedMain] w.s.c.ServletWebServerApplicationContext : Root WebApplicationContext: initialization completed in 2783 ms
2024-12-11T17:12:02.251Z  INFO 639 --- [personalize-shopping-cart] [  restartedMain] o.hibernate.jpa.internal.util.LogHelper  : HHH000204: Processing PersistenceUnitInfo [name: default]
2024-12-11T17:12:02.296Z  INFO 639 --- [personalize-shopping-cart] [  restartedMain] org.hibernate.Version                    : HHH000412: Hibernate ORM core version 6.5.3.Final
2024-12-11T17:12:02.343Z  INFO 639 --- [personalize-shopping-cart] [  restartedMain] o.h.c.internal.RegionFactoryInitiator    : HHH000026: Second-level cache disabled
2024-12-11T17:12:02.828Z  INFO 639 --- [personalize-shopping-cart] [  restartedMain] o.s.o.j.p.SpringPersistenceUnitInfo      : No LoadTimeWeaver setup: ignoring JPA class transformer
2024-12-11T17:12:02.856Z  INFO 639 --- [personalize-shopping-cart] [  restartedMain] com.zaxxer.hikari.HikariDataSource       : HikariPool-1 - Starting...
2024-12-11T17:12:03.551Z  INFO 639 --- [personalize-shopping-cart] [  restartedMain] com.zaxxer.hikari.pool.HikariPool        : HikariPool-1 - Added connection com.mysql.cj.jdbc.ConnectionImpl@6d2e0686
2024-12-11T17:12:03.553Z  INFO 639 --- [personalize-shopping-cart] [  restartedMain] com.zaxxer.hikari.HikariDataSource       : HikariPool-1 - Start completed.
2024-12-11T17:12:05.400Z  INFO 639 --- [personalize-shopping-cart] [  restartedMain] o.h.e.t.j.p.i.JtaPlatformInitiator       : HHH000489: No JTA platform available (set 'hibernate.transaction.jta.platform' to enable JTA platform integration)
2024-12-11T17:12:05.458Z  INFO 639 --- [personalize-shopping-cart] [  restartedMain] j.LocalContainerEntityManagerFactoryBean : Initialized JPA EntityManagerFactory for persistence unit 'default'
2024-12-11T17:12:07.267Z  INFO 639 --- [personalize-shopping-cart] [  restartedMain] o.s.b.d.a.OptionalLiveReloadServer       : LiveReload server is running on port 35729
2024-12-11T17:12:07.278Z  INFO 639 --- [personalize-shopping-cart] [  restartedMain] o.s.b.a.e.web.EndpointLinksResolver      : Exposing 1 endpoint beneath base path '/actuator'
2024-12-11T17:12:07.437Z  INFO 639 --- [personalize-shopping-cart] [  restartedMain] o.s.b.w.embedded.tomcat.TomcatWebServer  : Tomcat started on port 8080 (http) with context path '/'
2024-12-11T17:12:07.450Z  INFO 639 --- [personalize-shopping-cart] [  restartedMain] c.e.p.shopping.cart.Application          : Started Application in 9.209 seconds (process running for 9.9)
